make all --print-data-base --no-builtin-variables --no-builtin-rules --question
# GNU Make 4.2.1
# Built for x86_64-pc-linux-gnu
# Copyright (C) 1988-2016 Free Software Foundation, Inc.
# License GPLv3+: GNU GPL version 3 or later <http://gnu.org/licenses/gpl.html>
# This is free software: you are free to change and redistribute it.
# There is NO WARRANTY, to the extent permitted by law.
 

# Make data base, printed on Tue Mar  1 21:13:26 2022

# Variables

# automatic
<D = $(patsubst %/,%,$(dir $<))
# automatic
?F = $(notdir $?)
# default
.SHELLFLAGS := -c
# environment
XDG_SESSION_CLASS = user
# environment
VSCODE_AGENT_FOLDER = /home/ivan/.vscode-server
# environment
XDG_SESSION_TYPE = tty
# environment
VSCODE_LOG_NATIVE = false
# automatic
?D = $(patsubst %/,%,$(dir $?))
# automatic
@D = $(patsubst %/,%,$(dir $@))
# automatic
@F = $(notdir $@)
# default
MAKE_VERSION := 4.2.1
# makefile
CURDIR := /home/ivan/ostep-projects/concurrency-webserver/src-mult
# makefile
SHELL = /bin/sh
# environment
VSCODE_NLS_CONFIG = {"locale":"en","availableLanguages":{}}
# environment
_ = /home/ivan/.vscode-server/bin/f80445acd5a3dadef24aa209168452a3d97cc326/node
# makefile (from 'Makefile', line 6)
CFLAGS = -Wall -g -pthread
# makefile (from 'Makefile', line 1)
MAKEFILE_LIST :=  Makefile
# 'override' directive
GNUMAKEFLAGS := 
# environment
MAKELEVEL := 0
# makefile (from 'Makefile', line 8)
TEST_FILES_DIR = ../test_files
# environment
XDG_DATA_DIRS = /usr/local/share:/usr/share:/var/lib/snapd/desktop
# environment
DBUS_SESSION_BUS_ADDRESS = unix:path=/run/user/1000/bus
# environment
VSCODE_VERBOSE_LOGGING = true
# makefile (from 'Makefile', line 7)
OBJS = wserver.o wclient.o request.o io_helper.o 
# environment
LESSOPEN = | /usr/bin/lesspipe %s
# environment
LC_NAME = en_US.UTF-8
# environment
VSCODE_CWD = /home/ivan
# environment
SSH_CONNECTION = 192.168.0.136 62644 192.168.0.140 22
# environment
PATH = /home/ivan/.vscode-server/bin/f80445acd5a3dadef24aa209168452a3d97cc326/bin/remote-cli:/home/ivan/.local/bin:/usr/local/sbin:/usr/local/bin:/usr/sbin:/usr/bin:/sbin:/bin:/usr/games:/usr/local/games:/snap/bin:/home/ivan/.local/bin
# environment
XDG_RUNTIME_DIR = /run/user/1000
# environment
VSCODE_LOG_STACK = false
# environment
LC_NUMERIC = en_US.UTF-8
# environment
VSCODE_IPC_HOOK_CLI = /run/user/1000/vscode-ipc-dd0a1c5e-29e3-494a-b374-aa3032509d4b.sock
# default
.FEATURES := target-specific order-only second-expansion else-if shortest-stem undefine oneshell archives jobserver output-sync check-symlink load
# environment
LS_COLORS = 
# automatic
%F = $(notdir $%)
# environment
VSCODE_PIPE_LOGGING = true
# environment
PWD = /home/ivan/ostep-projects/concurrency-webserver/src-mult
# default
.LOADED := 
# automatic
*D = $(patsubst %/,%,$(dir $*))
# environment
VSCODE_AMD_ENTRYPOINT = vs/workbench/services/extensions/node/extensionHostProcess
# environment
HOME = /home/ivan
# environment
LESSCLOSE = /usr/bin/lesspipe %s %s
# environment
LOGNAME = ivan
# environment
APPLICATION_INSIGHTS_NO_DIAGNOSTIC_CHANNEL = true
# automatic
+F = $(notdir $+)
# environment
VSCODE_HANDLES_UNCAUGHT_ERRORS = true
# automatic
^D = $(patsubst %/,%,$(dir $^))
# environment
LC_TIME = en_US.UTF-8
# default
MAKE = $(MAKE_COMMAND)
# default
MAKECMDGOALS := all
# environment
SHLVL = 0
# makefile (from 'Makefile', line 5)
CC = gcc
# environment
XDG_SESSION_ID = 3033
# environment
USER = ivan
# environment
LC_MONETARY = en_US.UTF-8
# makefile
.DEFAULT_GOAL := all
# automatic
%D = $(patsubst %/,%,$(dir $%))
# environment
LC_TELEPHONE = en_US.UTF-8
# default
MAKE_COMMAND := make
# default
.VARIABLES := 
# automatic
*F = $(notdir $*)
# makefile
MAKEFLAGS = pqrR
# environment
MFLAGS = -pqrR
# environment
SSH_CLIENT = 192.168.0.136 62644 22
# automatic
+D = $(patsubst %/,%,$(dir $+))
# environment
BROWSER = /home/ivan/.vscode-server/bin/f80445acd5a3dadef24aa209168452a3d97cc326/bin/helpers/browser.sh
# default
MAKEFILES := 
# automatic
<F = $(notdir $<)
# automatic
^F = $(notdir $^)
# environment
LC_MEASUREMENT = en_US.UTF-8
# environment
LC_ALL = C
# environment
LC_PAPER = en_US.UTF-8
# default
SUFFIXES := 
# default
 
.INCLUDE_DIRS = /usr/include /usr/local/include /usr/include
# environment
LC_IDENTIFICATION = en_US.UTF-8
# default
.RECIPEPREFIX := 
# environment
LC_ADDRESS = en_US.UTF-8
# default
MAKE_HOST := x86_64-pc-linux-gnu
# environment
LANG = C
# environment
VSCODE_EXTHOST_WILL_SEND_SOCKET = true
# environment
MOTD_SHOWN = pam
# variable set hash-table stats:
# Load=82/1024=8%, Rehash=0, Collisions=14/112=12%

# Pattern-specific Variable Values

# No pattern-specific variable values.

# Directories

# . (device 2051, inode 3415257): 21 files, no impossibilities.

# 21 files, no impossibilities in 1 directories.

# Implicit Rules

%.cgi: %.c
#  recipe to execute (from 'Makefile', line 21):
	$(CC) $(CFLAGS) -o $@ $< ;\
	cp $@ ${TEST_FILES_DIR};

%.c:

%.o: %.c
#  recipe to execute (from 'Makefile', line 25):
	$(CC) $(CFLAGS) -o $@ -c $<

%.o:

# 4 implicit rules, 0 (0.0%) terminal.

# Files

# Not a target:
io_helper.o:
#  Implicit rule search has not been done.
#  Modification time never checked.
#  File has not been updated.

# Not a target:
wclient.o:
#  Implicit rule search has not been done.
#  Modification time never checked.
#  File has not been updated.

wclient: wclient.o io_helper.o
#  Implicit rule search has not been done.
#  Modification time never checked.
#  File has not been updated.
#  recipe to execute (from 'Makefile', line 18):
	$(CC) $(CFLAGS) -o wclient wclient.o io_helper.o

all: wserver wclient spin.cgi adder.cgi
#  Command line target.
#  Implicit rule search has been done.
 
#  File does not exist.
#  File has been updated.
#  Needs to be updated (-q is set).
# variable set hash-table stats:
# Load=0/32=0%, Rehash=0, Collisions=0/5=0%

# Not a target:
.o:
#  Implicit rule search has not been done.
#  Modification time never checked.
#  File has not been updated.

wserver.o: wserver.c
#  Implicit rule search has been done.
#  Implicit/static pattern stem: 'wserver'
#  Last modified 2022-03-01 18:39:25.793794783
#  File has been updated.
#  Needs to be updated (-q is set).
# automatic
# @ := wserver.o
# automatic
# % := 
# automatic
# * := wserver
# automatic
# + := wserver.c
# automatic
# | := 
# automatic
# < := wserver.c
# automatic
# ^ := wserver.c
# automatic
# ? := wserver.c
# variable set hash-table stats:
# Load=8/32=25%, Rehash=0, Collisions=1/15=7%
#  recipe to execute (from 'Makefile', line 25):
	$(CC) $(CFLAGS) -o $@ -c $<

wserver: wserver.o request.o io_helper.o
#  Implicit rule search has not been done.
#  Last modified 2022-03-01 18:39:25.797794946
#  File has been updated.
#  Needs to be updated (-q is set).
# variable set hash-table stats:
# Load=0/32=0%, Rehash=0, Collisions=0/5=0%
#  recipe to execute (from 'Makefile', line 15):
	$(CC) $(CFLAGS) -o wserver wserver.o request.o io_helper.o 

.SUFFIXES: .c .o
#  Implicit rule search has not been done.
#  Modification time never checked.
#  File has not been updated.

 
# Not a target:
Makefile:
#  Implicit rule search has been done.
#  Last modified 2022-03-01 21:11:33.272059547
#  File has been updated.
#  Successfully updated.

# Not a target:
spin.cgi:
#  Implicit rule search has not been done.
#  Modification time never checked.
#  File has not been updated.

# Not a target:
.c:
#  Implicit rule search has not been done.
#  Modification time never checked.
#  File has not been updated.

.c.o:
#  Implicit rule search has not been done.
#  Modification time never checked.
#  File has not been updated.
#  recipe to execute (from 'Makefile', line 25):
	$(CC) $(CFLAGS) -o $@ -c $<

# Not a target:
wserver.c:
#  Implicit rule search has been done.
#  Last modified 2022-03-01 18:50:24.284435001
#  File has been updated.
#  Successfully updated.

# Not a target:
.DEFAULT:
#  Implicit rule search has not been done.
#  Modification time never checked.
#  File has not been updated.

# Not a target:
request.o:
#  Implicit rule search has not been done.
#  Modification time never checked.
#  File has not been updated.

clean:
#  Implicit rule search has not been done.
#  Modification time never checked.
#  File has not been updated.
#  recipe to execute (from 'Makefile', line 28):
	-rm -f $(OBJS) wserver wclient spin.cgi all.cgi

# Not a target:
adder.cgi:
#  Implicit rule search has not been done.
#  Modification time never checked.
#  File has not been updated.

# files hash-table stats:
# Load=17/1024=2%, Rehash=0, Collisions=5/47=11%
# VPATH Search Paths

 
# No 'vpath' search paths.

# No general ('VPATH' variable) search path.

# strcache buffers: 1 (0) / strings = 33 / storage = 273 B / avg = 8 B
# current buf: size = 8162 B / used = 273 B / count = 33 / avg = 8 B

# strcache performance: lookups = 62 / hit rate = 46%
# hash-table stats:
# Load=33/8192=0%, Rehash=0, Collisions=6/62=10%
# Finished Make data base on Tue Mar  1 21:13:26 2022

 
